Arguments: 
  D:\Node\setup\node.exe D:\yarn\setup\bin\yarn.js publish

PATH: 
  C:\ProgramData\Oracle\Java\javapath;C:\Program Files (x86)\Common Files\NetSarang;C:\WINDOWS\system32;C:\WINDOWS;C:\WINDOWS\System32\Wbem;C:\WINDOWS\System32\WindowsPowerShell\v1.0\;D:\SVN\setup\bin;D:\Node\modules;D:\Git\setup\Git\cmd;D:\python\setup\;D:\python\setup\Scripts\;D:\tomcat\setup\bin;D:\tomcat\setup\lib;D:\jdk\setup\bin;D:\jdk\setup\jre\bin;C:\Program Files (x86)\NVIDIA Corporation\PhysX\Common;D:\Node\setup\;C:\WINDOWS\system32;C:\WINDOWS;C:\WINDOWS\System32\Wbem;C:\WINDOWS\System32\WindowsPowerShell\v1.0\;C:\Program Files\Intel\WiFi\bin\;C:\Program Files\Common Files\Intel\WirelessCommon\;C:\CodyyMeeting\CodyyFilter\x64;C:\CodyyMeeting\CodyyFilter\x86;D:\nginx\nginx-1.13.8;D:\yarn\setup\bin;C:\Users\严贤良\AppData\Local\Microsoft\WindowsApps;C:\Users\严贤良\AppData\Roaming\npm;D:\VSCode\setup\Microsoft VS Code\bin;D:\fiddler\setup\Fiddler;C:\Users\严贤良\AppData\Local\Yarn\bin

Yarn version: 
  1.3.2

Node version: 
  8.7.0

Platform: 
  win32 x64

npm manifest: 
  {
    "name": "react-scripts-pro",
    "version": "1.1.0",
    "description": "Configuration and scripts for Create React App.",
    "repository": "facebook/create-react-app",
    "license": "MIT",
    "engines": {
      "node": ">=6"
    },
    "bugs": {
      "url": "https://github.com/facebook/create-react-app/issues"
    },
    "files": [
      "bin",
      "config",
      "scripts",
      "template"
    ],
    "bin": {
      "react-scripts": "./bin/react-scripts.js"
    },
    "dependencies": {
      "@babel/core": "7.0.0-beta.38",
      "@babel/runtime": "7.0.0-beta.38",
      "autoprefixer": "7.2.5",
      "babel-core": "7.0.0-bridge.0",
      "babel-eslint": "8.2.1",
      "babel-jest": "22.1.0",
      "babel-loader": "8.0.0-beta.0",
      "babel-plugin-named-asset-import": "^0.1.0",
      "babel-preset-react-app": "^3.1.1",
      "case-sensitive-paths-webpack-plugin": "2.1.1",
      "chalk": "2.3.0",
      "css-loader": "0.28.9",
      "dotenv": "4.0.0",
      "dotenv-expand": "4.2.0",
      "eslint": "4.15.0",
      "eslint-config-react-app": "^2.1.0",
      "eslint-loader": "1.9.0",
      "eslint-plugin-flowtype": "2.41.0",
      "eslint-plugin-import": "2.8.0",
      "eslint-plugin-jsx-a11y": "6.0.3",
      "eslint-plugin-react": "7.5.1",
      "extract-text-webpack-plugin": "3.0.2",
      "file-loader": "1.1.6",
      "find-pkg": "1.0.0",
      "fs-extra": "5.0.0",
      "globby": "7.1.1",
      "graphql": "0.12.3",
      "graphql-tag": "2.6.1",
      "html-webpack-plugin": "2.30.1",
      "identity-obj-proxy": "3.0.0",
      "jest": "22.1.2",
      "object-assign": "4.1.1",
      "postcss-flexbugs-fixes": "3.2.0",
      "postcss-loader": "2.0.10",
      "promise": "8.0.1",
      "raf": "3.4.0",
      "react-dev-utils": "^5.0.0",
      "style-loader": "0.19.1",
      "svgr": "1.8.1",
      "sw-precache-webpack-plugin": "0.11.4",
      "thread-loader": "1.1.2",
      "uglifyjs-webpack-plugin": "1.1.6",
      "url-loader": "0.6.2",
      "webpack": "3.10.0",
      "webpack-dev-server": "2.11.0",
      "webpack-manifest-plugin": "1.3.2",
      "whatwg-fetch": "2.0.3"
    },
    "devDependencies": {
      "react": "^16.0.0",
      "react-dom": "^16.0.0"
    },
    "optionalDependencies": {
      "fsevents": "1.1.3"
    },
    "browserslist": {
      "development": [
        "last 2 chrome versions",
        "last 2 firefox versions",
        "last 2 edge versions"
      ],
      "production": [
        ">1%",
        "last 4 versions",
        "Firefox ESR",
        "not ie < 11"
      ]
    }
  }

yarn manifest: 
  No manifest

Lockfile: 
  No lockfile

Trace: 
  Error: canceled
      at Interface.<anonymous> (D:\yarn\setup\lib\cli.js:121045:13)
      at emitNone (events.js:105:13)
      at Interface.emit (events.js:207:7)
      at Interface._ttyWrite (readline.js:775:16)
      at ReadStream.onkeypress (readline.js:160:10)
      at emitTwo (events.js:125:13)
      at ReadStream.emit (events.js:213:7)
      at emitKeys (internal/readline.js:420:14)
      at emitKeys.next (<anonymous>)
      at ReadStream.onData (readline.js:1011:36)
